proguard/seeds.txt
com.coleman.kingword.wordlist.view.PageBottomBar
com.coleman.kingword.wordlist.view.PageBottomBar: PageBottomBar(android.content.Context,android.util.AttributeSet)
com.coleman.kingword.wordlist.view.ScrollLayout
com.coleman.kingword.wordlist.view.ScrollLayout: ScrollLayout(android.content.Context,android.util.AttributeSet)
com.coleman.kingword.wordlist.view.PageBottomBar
com.coleman.kingword.wordlist.view.PageBottomBar: PageBottomBar(android.content.Context,android.util.AttributeSet,int)
com.coleman.kingword.wordlist.view.ScrollLayout
com.coleman.kingword.wordlist.view.ScrollLayout: ScrollLayout(android.content.Context,android.util.AttributeSet,int)
com.coleman.kingword.CoreActivity$Anim: com.coleman.kingword.CoreActivity$Anim[] values()
com.coleman.kingword.CoreActivity$Anim: com.coleman.kingword.CoreActivity$Anim valueOf(java.lang.String)
com.coleman.kingword.wordlist.model.WordList$SetMethod: com.coleman.kingword.wordlist.model.WordList$SetMethod[] values()
com.coleman.kingword.wordlist.model.WordList$SetMethod: com.coleman.kingword.wordlist.model.WordList$SetMethod valueOf(java.lang.String)
com.coleman.kingword.dict.DictManager$ViewType: com.coleman.kingword.dict.DictManager$ViewType[] values()
com.coleman.kingword.dict.DictManager$ViewType: com.coleman.kingword.dict.DictManager$ViewType valueOf(java.lang.String)
com.coleman.kingword.CoreActivity
com.coleman.kingword.WelcomeActivity
com.coleman.kingword.wordlist.FileExplorer
com.coleman.kingword.wordlist.WordListActivity
com.coleman.kingword.ColorSetActivityAsDialog
com.coleman.kingword.wordlist.TextEditor
com.coleman.kingword.wordlist.RemoteFileExplorer
com.coleman.kingword.wordlist.SubListActivity
com.coleman.kingword.ebbinghaus.EbbinghausActivityAsDialog
com.coleman.kingword.CoreActivity2
com.coleman.kingword.wordlist.WordlistTabActivity
com.coleman.kingword.Settings
com.coleman.kingword.ReviewSettings
com.coleman.kingword.dict.DictLoadService
com.coleman.kingword.UpgradeService
com.coleman.kingword.wordlist.OriginalDownloadReceiver
com.coleman.kingword.ebbinghaus.receiver.KingWordReceiver
com.coleman.kingword.provider.KingWordProvider
com.coleman.kingword.history.WordInfo
com.coleman.kingword.history.WordInfo: android.os.Parcelable$Creator CREATOR
com.coleman.kingword.wordlist.model.SubWordList
com.coleman.kingword.wordlist.model.SubWordList: android.os.Parcelable$Creator CREATOR
...
javax.activation.MimeTypeParseException
javax.activation.MimeTypeParseException: MimeTypeParseException()
javax.activation.MimeTypeParseException: MimeTypeParseException(java.lang.String)
javax.activation.FileTypeMap
javax.activation.FileTypeMap: javax.activation.FileTypeMap defaultMap
javax.activation.FileTypeMap: javax.activation.FileTypeMap defaultMap
javax.activation.FileTypeMap: FileTypeMap()
javax.activation.FileTypeMap: java.lang.String getContentType(java.io.File)
javax.activation.FileTypeMap: java.lang.String getContentType(java.lang.String)
javax.activation.FileTypeMap: void setDefaultFileTypeMap(javax.activation.FileTypeMap)
javax.activation.FileTypeMap: javax.activation.FileTypeMap getDefaultFileTypeMap()
javax.activation.FileTypeMap: void setDefaultFileTypeMap(javax.activation.FileTypeMap)
javax.activation.FileTypeMap: javax.activation.FileTypeMap getDefaultFileTypeMap()
javax.activation.ActivationDataFlavor
javax.activation.ActivationDataFlavor: java.lang.String mimeType
javax.activation.ActivationDataFlavor: javax.activation.MimeType mimeObject
javax.activation.ActivationDataFlavor: java.lang.String humanPresentableName
javax.activation.ActivationDataFlavor: java.lang.Class representationClass
javax.activation.ActivationDataFlavor: ActivationDataFlavor(java.lang.Class,java.lang.String,java.lang.String)
javax.activation.ActivationDataFlavor: ActivationDataFlavor(java.lang.Class,java.lang.String)
javax.activation.ActivationDataFlavor: ActivationDataFlavor(java.lang.String,java.lang.String)
javax.activation.ActivationDataFlavor: java.lang.String getMimeType()
javax.activation.ActivationDataFlavor: java.lang.Class getRepresentationClass()
javax.activation.ActivationDataFlavor: java.lang.String getHumanPresentableName()
javax.activation.ActivationDataFlavor: void setHumanPresentableName(java.lang.String)
javax.activation.ActivationDataFlavor: boolean equals(myjava.awt.datatransfer.DataFlavor)
javax.activation.ActivationDataFlavor: boolean isMimeTypeEqual(java.lang.String)
javax.activation.ActivationDataFlavor: java.lang.String normalizeMimeTypeParameter(java.lang.String,java.lang.String)
javax.activation.ActivationDataFlavor: java.lang.String normalizeMimeType(java.lang.String)
myjava.awt.datatransfer.DataFlavor: long serialVersionUID
myjava.awt.datatransfer.DataFlavor: myjava.awt.datatransfer.DataFlavor plainTextFlavor
myjava.awt.datatransfer.DataFlavor: myjava.awt.datatransfer.DataFlavor stringFlavor
myjava.awt.datatransfer.DataFlavor: myjava.awt.datatransfer.DataFlavor javaFileListFlavor
myjava.awt.datatransfer.DataFlavor: java.lang.String javaJVMLocalObjectMimeType
myjava.awt.datatransfer.DataFlavor: java.lang.String javaRemoteObjectMimeType
myjava.awt.datatransfer.DataFlavor: java.lang.String javaSerializedObjectMimeType
myjava.awt.datatransfer.DataFlavor: java.lang.String[] sortedTextFlavors
myjava.awt.datatransfer.DataFlavor: myjava.awt.datatransfer.DataFlavor plainUnicodeFlavor
myjava.awt.datatransfer.DataFlavor: java.lang.String humanPresentableName
myjava.awt.datatransfer.DataFlavor: java.lang.Class representationClass
myjava.awt.datatransfer.DataFlavor: myjava.awt.datatransfer.MimeTypeProcessor$MimeType mimeInfo
myjava.awt.datatransfer.DataFlavor: long serialVersionUID
myjava.awt.datatransfer.DataFlavor: myjava.awt.datatransfer.DataFlavor plainTextFlavor
myjava.awt.datatransfer.DataFlavor: myjava.awt.datatransfer.DataFlavor stringFlavor
myjava.awt.datatransfer.DataFlavor: myjava.awt.datatransfer.DataFlavor javaFileListFlavor
myjava.awt.datatransfer.DataFlavor: java.lang.String javaJVMLocalObjectMimeType
myjava.awt.datatransfer.DataFlavor: java.lang.String javaRemoteObjectMimeType