proguard/mapping.txt
com.coleman.kingword.ColorSetActivityAsDialog -> com.coleman.kingword.ColorSetActivityAsDialog:
    java.lang.String TAG -> b
    com.coleman.log.Log Log -> c
    android.widget.TextView textFont -> d
    android.widget.RadioGroup sceneMode -> e
    android.widget.RadioGroup fontOrBgMode -> f
    android.widget.TextView textRed -> g
    android.widget.TextView textGreen -> h
    android.widget.TextView textBlue -> i
    android.widget.TextView textTrans -> j
    android.widget.SeekBar seekRed -> k
    android.widget.SeekBar seekGreen -> l
    android.widget.SeekBar seekBlue -> m
    android.widget.SeekBar seekTrans -> n
    android.widget.Button btnOk -> o
    android.widget.Button btnCancel -> p
    android.widget.Button btnReset -> q
    int selectMode -> r
    int[][] MODE_COLOR -> a
    int[] textColor -> s
    int[] bgColor -> t
    int[] selectColor -> u
    void onCreate(android.os.Bundle) -> onCreate
    int getIdbyMode(int) -> a
    void initView() -> b
    void onClick(android.view.View) -> onClick
    void reset() -> c
    void exit() -> d
    void onProgressChanged(android.widget.SeekBar,int,boolean) -> onProgressChanged
    void onStartTrackingTouch(android.widget.SeekBar) -> onStartTrackingTouch
    void onStopTrackingTouch(android.widget.SeekBar) -> onStopTrackingTouch
    void setColor() -> a
    void setSeekProgress() -> e
    void onCheckedChanged(android.widget.RadioGroup,int) -> onCheckedChanged
    void setSelectMode(int) -> b
com.coleman.kingword.CoreActivity -> com.coleman.kingword.CoreActivity:
    java.lang.String TAG -> b
    com.coleman.log.Log Log -> c
    android.widget.ProgressBar progressBarDay -> d
    android.widget.ProgressBar progressBarNight -> e
    android.widget.TextView textView -> f
    android.widget.ListView listView -> g
    java.util.ArrayList list -> h
    com.coleman.kingword.CoreActivity$ParaphraseAdapter adapter -> i
    com.coleman.kingword.wordlist.AbsSubVisitor sublistVisitor -> j
    android.widget.LinearLayout container -> k
    com.coleman.kingword.wordlist.WordVisitor wordVisitor -> l
    android.widget.Button viewWord -> m
    android.widget.Button addOrRemove -> n
    android.widget.Button ignoreOrNot -> o
    android.widget.TextView continueView -> p
    android.widget.TextView loopView -> q
    android.widget.Button countBtn -> r
    int continueHitCount -> s
    com.coleman.kingword.CoreActivity$Anim anim -> t
    android.widget.Button btnSpeak -> u
    boolean autoSpeak -> v
    com.coleman.kingword.CoreActivity$PlayControl playControl -> w
    boolean openTabList -> x
    com.coleman.kingword.inspirit.countdown.CountdownManager countdownManager -> a
    java.util.ArrayList _buflist -> y
    android.os.Handler handler -> z
    void onCreate(android.os.Bundle) -> onCreate
    void startPreload() -> c
    void stopPreload() -> d
    void onPause() -> onPause
    void onResume() -> onResume
com.coleman.kingword.CoreActivity$1 -> com.coleman.kingword.q:
    com.coleman.kingword.CoreActivity this$0 -> a
    void handleMessage(android.os.Message) -> handleMessage
com.coleman.kingword.CoreActivity$10 -> com.coleman.kingword.z:
    com.coleman.kingword.CoreActivity this$0 -> a
    void onClick(android.content.DialogInterface,int) -> onClick
com.coleman.kingword.CoreActivity$11 -> com.coleman.kingword.af:
    com.coleman.kingword.CoreActivity this$0 -> a
    void onCancel(android.content.DialogInterface) -> onCancel
com.coleman.kingword.CoreActivity$2 -> com.coleman.kingword.o:
    com.coleman.kingword.CoreActivity this$0 -> a
    android.content.Intent val$data -> b
    void run() -> run
    com.coleman.kingword.CoreActivity access$0(com.coleman.kingword.CoreActivity$2) -> a
com.coleman.kingword.CoreActivity$2$1 -> com.coleman.kingword.k:
    com.coleman.kingword.CoreActivity$2 this$1 -> a
    void run() -> run
...
javax.activation.SecuritySupport$5 -> javax.activation.SecuritySupport$5:
    java.net.URL val$url -> val$url
    java.lang.Object run() -> run
javax.activation.URLDataSource -> javax.activation.URLDataSource:
    java.net.URL url -> url
    java.net.URLConnection url_conn -> url_conn
    java.lang.String getContentType() -> getContentType
    java.lang.String getName() -> getName
    java.io.InputStream getInputStream() -> getInputStream
    java.io.OutputStream getOutputStream() -> getOutputStream
    java.net.URL getURL() -> getURL
javax.activation.UnsupportedDataTypeException -> javax.activation.UnsupportedDataTypeException:
javax.mail.Address -> javax.mail.Address:
    long serialVersionUID -> serialVersionUID
    java.lang.String getType() -> getType
    java.lang.String toString() -> toString
    boolean equals(java.lang.Object) -> equals
javax.mail.AuthenticationFailedException -> javax.mail.AuthenticationFailedException:
    long serialVersionUID -> serialVersionUID
javax.mail.Authenticator -> javax.mail.Authenticator:
    java.net.InetAddress requestingSite -> requestingSite
    int requestingPort -> requestingPort
    java.lang.String requestingProtocol -> requestingProtocol
    java.lang.String requestingPrompt -> requestingPrompt
    java.lang.String requestingUserName -> requestingUserName
    void reset() -> reset
    javax.mail.PasswordAuthentication requestPasswordAuthentication(java.net.InetAddress,int,java.lang.String,java.lang.String,java.lang.String) -> a
    java.net.InetAddress getRequestingSite() -> getRequestingSite
    int getRequestingPort() -> getRequestingPort
    java.lang.String getRequestingProtocol() -> getRequestingProtocol
    java.lang.String getRequestingPrompt() -> getRequestingPrompt
    java.lang.String getDefaultUserName() -> getDefaultUserName
    javax.mail.PasswordAuthentication getPasswordAuthentication() -> getPasswordAuthentication
javax.mail.BodyPart -> javax.mail.BodyPart:
    javax.mail.Multipart parent -> parent
    javax.mail.Multipart getParent() -> getParent
    void setParent(javax.mail.Multipart) -> a
javax.mail.EventQueue -> javax.mail.EventQueue:
    javax.mail.EventQueue$QueueElement head -> head
    javax.mail.EventQueue$QueueElement tail -> tail
    java.lang.Thread qThread -> qThread
    void enqueue(javax.mail.event.MailEvent,java.util.Vector) -> enqueue
    javax.mail.EventQueue$QueueElement dequeue() -> dequeue
    void run() -> run
javax.mail.EventQueue$QueueElement -> javax.mail.EventQueue$QueueElement:
    javax.mail.EventQueue$QueueElement next -> a
    javax.mail.EventQueue$QueueElement prev -> b
    javax.mail.event.MailEvent event -> c
    java.util.Vector vector -> d
javax.mail.FetchProfile -> javax.mail.FetchProfile:
    java.util.Vector specials -> specials
    java.util.Vector headers -> headers
    void add(javax.mail.FetchProfile$Item) -> add
    void add(java.lang.String) -> add
    boolean contains(javax.mail.FetchProfile$Item) -> contains
    boolean contains(java.lang.String) -> contains
    javax.mail.FetchProfile$Item[] getItems() -> getItems
    java.lang.String[] getHeaderNames() -> getHeaderNames
javax.mail.FetchProfile$Item -> javax.mail.FetchProfile$Item:
    javax.mail.FetchProfile$Item ENVELOPE -> ENVELOPE
    javax.mail.FetchProfile$Item CONTENT_INFO -> CONTENT_INFO
    javax.mail.FetchProfile$Item FLAGS -> FLAGS
    java.lang.String name -> name