proguard/usage.txt
com.coleman.kingword.ColemanIntent
com.coleman.kingword.CoreActivity:
    public static final java.lang.String OPEN_TAB
    private static final int RC_SET_COLOR
    private static final int RC_LIST_VIEW
    public static final byte SUBLIST_REACH_END
    public static final byte INSPIRIT_COMPLETE_STUDY
    public static final byte INSPIRIT_CONTINUE_HIT
    public static final byte INSPIRIT_CONTINUE_NO_ACTION
    public static final byte INSPIRIT_ACHIEVEMETN_REPORT
    public static final int UPDATE_REMAINDER_TIME
com.coleman.kingword.CoreActivity$ExpensiveTask:
    public static final byte INIT_REVIEW_LIST
    public static final byte INIT_SCAN_LIST
    public static final byte INIT_NEW_WORD_BOOK_LIST
    public static final byte REMOVE_FROM_NEW
    public static final byte ADD_NEW
    public static final byte VIEW_RAW
    public static final byte VIEW_MORE
    private static final byte INIT_SUB_WORD_LIST
    private static final byte LOOKUP
    private static final byte UPGRADE
    private static final byte DEGRADE
    private static final byte IGNORE
    private static final byte UPDATE
com.coleman.kingword.CoreActivity2$ExpensiveTask:
    public static final int TYPE_INIT
    public static final int TYPE_LOADING
    public static final int TYPE_ALL_COMPLETE
com.coleman.kingword.R
com.coleman.kingword.R$anim
com.coleman.kingword.R$array
com.coleman.kingword.R$attr
com.coleman.kingword.R$color
com.coleman.kingword.R$drawable
com.coleman.kingword.R$id
com.coleman.kingword.R$layout
com.coleman.kingword.R$menu
com.coleman.kingword.R$string
com.coleman.kingword.R$style
com.coleman.kingword.R$styleable
com.coleman.kingword.R$xml
com.coleman.kingword.ReviewSettings:
    private static final java.lang.String DEFAULT_TIME_3
    private static final java.lang.String DEFAULT_TIME_2
    private static final java.lang.String DEFAULT_TIME_1
com.coleman.kingword.WelcomeActivity:
    331:357:void _DEL_REPEAT_WORDS()
com.coleman.kingword.WelcomeActivity$1Info
com.coleman.kingword.dict.DictManager:
    public static final java.lang.String LIBRARY_NOT_INITIALED
    public static final java.lang.String WORD_NOT_FOUND
    public static final java.lang.String DEFAULT_CUR_LIB
    public static final java.lang.String DEFAULT_MORE_LIB
    117:117:public com.coleman.kingword.dict.stardict.DictLibrary getLibrary(java.lang.String)
    161:164:public com.coleman.kingword.dict.stardict.DictData viewWord(android.content.Context,java.lang.String)
    171:180:public boolean hasWord(android.content.Context,java.lang.String)
    209:209:public boolean isInitialed(java.lang.String)
    213:213:public boolean isInternal(java.lang.String)
com.coleman.kingword.dict.DictManager$LibraryLoader:
    private static final java.lang.String TAG
    361:361:public boolean isInternal(java.lang.String)
    365:369:public boolean isInitialed(java.lang.String)
com.coleman.kingword.dict.DictManager$ViewType
com.coleman.kingword.dict.stardict.DictData:
    private static final long serialVersionUID
    155:167:java.lang.String removeSymbol()
com.coleman.kingword.dict.stardict.DictIndex:
    private static final long serialVersionUID
com.coleman.kingword.dict.stardict.DictInfo:
    149:152:public static com.coleman.kingword.dict.stardict.DictInfo loadInfo(android.content.Context,com.coleman.kingword.dict.stardict.DictLibrary)
    205:234:private static com.coleman.kingword.dict.stardict.DictInfo loadFromDB(android.content.Context,com.coleman.kingword.dict.stardict.DictLibrary)
com.coleman.kingword.dict.stardict.DictLibrary:
    private static final java.lang.String DICTS_DIR
    125:125:public java.lang.String getIfoFileName()
com.coleman.kingword.ebbinghaus.receiver.KingWordReceiver:
    public static final java.lang.String ACTION_SEND_INFO_SILENT
    88:114:java.lang.String getMessage(android.content.Context,byte)
...
com.coleman.providers.downloads.Downloads:
    public static final java.lang.String PERMISSION_ACCESS
    public static final java.lang.String PERMISSION_ACCESS_ADVANCED
    public static final java.lang.String PERMISSION_CACHE
    public static final java.lang.String PERMISSION_SEND_INTENTS
    public static final java.lang.String ACTION_DOWNLOAD_COMPLETED
    public static final java.lang.String ACTION_NOTIFICATION_CLICKED
    public static final java.lang.String COLUMN_URI
    public static final java.lang.String COLUMN_APP_DATA
    public static final java.lang.String COLUMN_NO_INTEGRITY
    public static final java.lang.String COLUMN_FILE_NAME_HINT
    public static final java.lang.String _DATA
    public static final java.lang.String COLUMN_MIME_TYPE
    public static final java.lang.String COLUMN_DESTINATION
    public static final java.lang.String COLUMN_VISIBILITY
    public static final java.lang.String COLUMN_CONTROL
    public static final java.lang.String COLUMN_STATUS
    public static final java.lang.String COLUMN_LAST_MODIFICATION
    public static final java.lang.String COLUMN_NOTIFICATION_PACKAGE
    public static final java.lang.String COLUMN_NOTIFICATION_CLASS
    public static final java.lang.String COLUMN_NOTIFICATION_EXTRAS
    public static final java.lang.String COLUMN_COOKIE_DATA
    public static final java.lang.String COLUMN_USER_AGENT
    public static final java.lang.String COLUMN_REFERER
com.coleman.providers.downloads.Downloads$Impl:
    public static final java.lang.String PERMISSION_ACCESS
    public static final java.lang.String PERMISSION_ACCESS_ADVANCED
    public static final java.lang.String PERMISSION_ACCESS_ALL
    public static final java.lang.String PERMISSION_CACHE
    public static final java.lang.String PERMISSION_SEND_INTENTS
    public static final java.lang.String PERMISSION_CACHE_NON_PURGEABLE
    public static final java.lang.String PERMISSION_NO_NOTIFICATION
    public static final java.lang.String ACTION_DOWNLOAD_COMPLETED
    public static final java.lang.String ACTION_NOTIFICATION_CLICKED
    public static final java.lang.String COLUMN_URI
    public static final java.lang.String COLUMN_APP_DATA
    public static final java.lang.String COLUMN_NO_INTEGRITY
    public static final java.lang.String COLUMN_FILE_NAME_HINT
    public static final java.lang.String _DATA
    public static final java.lang.String COLUMN_MIME_TYPE
    public static final java.lang.String COLUMN_DESTINATION
    public static final java.lang.String COLUMN_VISIBILITY
    public static final java.lang.String COLUMN_CONTROL
    public static final java.lang.String COLUMN_STATUS
    public static final java.lang.String COLUMN_LAST_MODIFICATION
    public static final java.lang.String COLUMN_NOTIFICATION_PACKAGE
    public static final java.lang.String COLUMN_NOTIFICATION_CLASS
    public static final java.lang.String COLUMN_NOTIFICATION_EXTRAS
com.coleman.providers.downloads.Downloads$Impl$RequestHeaders
com.coleman.providers.downloads.Helpers$Lexer:
    public static final int TOKEN_START
    public static final int TOKEN_OPEN_PAREN
    public static final int TOKEN_CLOSE_PAREN
    public static final int TOKEN_AND_OR
    public static final int TOKEN_COLUMN
    public static final int TOKEN_COMPARE
    public static final int TOKEN_VALUE
    public static final int TOKEN_IS
    public static final int TOKEN_NULL
    public static final int TOKEN_END
com.coleman.providers.downloads.RealSystemFacade:
    95:95:public boolean userOwnsPackage(int,java.lang.String)
com.coleman.providers.downloads.SystemFacade:
    public abstract boolean userOwnsPackage(int,java.lang.String)